solar-updater/build/intermediates/manifest_merge_blame_file/debug/processDebugMainManifest/manifest-merger-blame-debug-report.txt
1<?xml version="1.0" encoding="utf-8"?>
2<manifest xmlns:android="http://schemas.android.com/apk/res/android"
3    package="com.solar.updater"
4    android:versionCode="1"
5    android:versionName="1.0.0" >
6
7    <uses-sdk
8        android:minSdkVersion="17"
9        android:targetSdkVersion="35" />
10
11    <uses-permission android:name="android.permission.INTERNET" />
11-->src/main/AndroidManifest.xml:4:5-67
11-->src/main/AndroidManifest.xml:4:22-64
12    <uses-permission android:name="android.permission.ACCESS_NETWORK_STATE" />
12-->src/main/AndroidManifest.xml:5:5-79
12-->src/main/AndroidManifest.xml:5:22-76
13
14    <application
14-->src/main/AndroidManifest.xml:7:5-24:19
15        android:name="com.solar.updater.UpdaterApplication"
15-->src/main/AndroidManifest.xml:8:9-43
16        android:allowBackup="false"
16-->src/main/AndroidManifest.xml:9:9-36
17        android:debuggable="true"
18        android:extractNativeLibs="true"
19        android:icon="@android:drawable/stat_sys_download"
19-->src/main/AndroidManifest.xml:10:9-59
20        android:label="@string/app_name"
20-->src/main/AndroidManifest.xml:11:9-41
21        android:theme="@android:style/Theme.NoTitleBar.Fullscreen" >
21-->src/main/AndroidManifest.xml:12:9-67
22        <activity
22-->src/main/AndroidManifest.xml:14:9-23:20
23            android:name="com.solar.updater.UpdatePickerActivity"
23-->src/main/AndroidManifest.xml:15:13-49
24            android:exported="true"
24-->src/main/AndroidManifest.xml:16:13-36
25            android:launchMode="singleTask"
25-->src/main/AndroidManifest.xml:17:13-44
26            android:screenOrientation="landscape" >
26-->src/main/AndroidManifest.xml:18:13-50
27            <intent-filter>
27-->src/main/AndroidManifest.xml:19:13-22:29
28                <action android:name="android.intent.action.MAIN" />
28-->src/main/AndroidManifest.xml:20:17-69
28-->src/main/AndroidManifest.xml:20:25-66
29
30                <category android:name="android.intent.category.LAUNCHER" />
30-->src/main/AndroidManifest.xml:21:17-77
30-->src/main/AndroidManifest.xml:21:27-74
31            </intent-filter>
32        </activity>
33    </application>
34
35</manifest>